

### SondeControl ###
2025-03-28T13:20:01.536096
Disk Usage : 67.2
Memory Percent : 65.0
User Number : 2
Process Count : 167
Machine Name
Cpu Percent : 35.0
### JsonControl ###


### SondeControl ###
2025-03-28T13:21:01.824729
Disk Usage : 67.2
Memory Percent : 65.1
User Number : 2
Process Count : 167
Machine Name
Cpu Percent : 37.2
### JsonControl ###
no changes
No new cert alert


### SondeControl ###
2025-03-28T13:22:01.662545
Disk Usage : 67.2
Memory Percent : 64.9
User Number : 2
Process Count : 166
Machine Name
Cpu Percent : 34.8
### JsonControl ###
no changes
No new cert alert


### SondeControl ###
2025-03-28T13:23:01.853339
Disk Usage : 67.2
Memory Percent : 65.4
User Number : 2
Process Count : 171
Machine Name
Cpu Percent : 13.1
### JsonControl ###
no changes
No new cert alert
